The request analysis.setContextRoots failed with the following error:
RequestErrorCode.PLUGIN_ERROR
ProcessException: No such file or directory
  Command: flutter pub get
at:
#0      _ProcessImpl._start (dart:io-patch/process_patch.dart:402:33)
#1      Process.start (dart:io-patch/process_patch.dart:38:20)
#2      _runNonInteractiveProcess (dart:io-patch/process_patch.dart:579:18)
#3      Process.run (dart:io-patch/process_patch.dart:49:12)
#4      CustomLintWorkspace.runPubGet (package:custom_lint/src/workspace.dart:751:36)
#5      CustomLintWorkspace.resolvePluginHost (package:custom_lint/src/workspace.dart:744:11)
#6      SocketCustomLintServerToClientChannel._startProcess (package:custom_lint/src/v2/server_to_client_channel.dart:151:24)
#7      SocketCustomLintServerToClientChannel.init (package:custom_lint/src/v2/server_to_client_channel.dart:110:22)
#8      CustomLintServer._maybeSpawnCustomLintPlugin (package:custom_lint/src/v2/custom_lint_analyzer_plugin.dart:394:25)
<asynchronous suspension>
#9      CustomLintServer._handleAnalysisSetContextRoots.<anonymous closure> (package:custom_lint/src/v2/custom_lint_analyzer_plugin.dart:341:9)
<asynchronous suspension>
#10     PendingOperation.run (package:custom_lint/src/async_operation.dart:22:14)
<asynchronous suspension>
#11     CustomLintServer._handleRequest (package:custom_lint/src/v2/custom_lint_analyzer_plugin.dart:173:22)
<asynchronous suspension>

The request analysis.setContextRoots failed with the following error:
RequestErrorCode.PLUGIN_ERROR
ProcessException: No such file or directory
  Command: flutter pub get
at:
#0      _ProcessImpl._start (dart:io-patch/process_patch.dart:402:33)
#1      Process.start (dart:io-patch/process_patch.dart:38:20)
#2      _runNonInteractiveProcess (dart:io-patch/process_patch.dart:579:18)
#3      Process.run (dart:io-patch/process_patch.dart:49:12)
#4      CustomLintWorkspace.runPubGet (package:custom_lint/src/workspace.dart:751:36)
#5      CustomLintWorkspace.resolvePluginHost (package:custom_lint/src/workspace.dart:744:11)
#6      SocketCustomLintServerToClientChannel._startProcess (package:custom_lint/src/v2/server_to_client_channel.dart:151:24)
#7      SocketCustomLintServerToClientChannel.init (package:custom_lint/src/v2/server_to_client_channel.dart:110:22)
#8      CustomLintServer._maybeSpawnCustomLintPlugin (package:custom_lint/src/v2/custom_lint_analyzer_plugin.dart:394:25)
<asynchronous suspension>
#9      CustomLintServer._handleAnalysisSetContextRoots.<anonymous closure> (package:custom_lint/src/v2/custom_lint_analyzer_plugin.dart:341:9)
<asynchronous suspension>
#10     PendingOperation.run (package:custom_lint/src/async_operation.dart:22:14)
<asynchronous suspension>
#11     CustomLintServer._handleRequest (package:custom_lint/src/v2/custom_lint_analyzer_plugin.dart:173:22)
<asynchronous suspension>

The request analysis.setContextRoots failed with the following error:
RequestErrorCode.PLUGIN_ERROR
Failed to read pubspec.yaml at /Users/zaiko/StudioProjects/rainbow_test_task:
ParsedYamlException: line 33, column 5: Unrecognized keys: [google_fonts]; supported keys: [sdk, git, path, hosted]
   ╷
33 │     google_fonts: ^6.1.0
   │     ^^^^^^^^^^^^
   ╵
#0      checkedYamlDecode (package:checked_yaml/checked_yaml.dart:48:5)
#1      new Pubspec.parse (package:pubspec_parse/src/pubspec.dart:171:7)
#2      parsePubspec (package:custom_lint_core/src/package_utils.dart:85:18)
<asynchronous suspension>
#3      CustomLintProject.parse (package:custom_lint/src/workspace.dart:906:28)
<asynchronous suspension>
#4      Future.wait.<anonymous closure> (dart:async/future.dart:534:21)
<asynchronous suspension>
#5      CustomLintWorkspace.fromContextRoots (package:custom_lint/src/workspace.dart:505:22)
<asynchronous suspension>
#6      SocketCustomLintServerToClientChannel.create (package:custom_lint/src/v2/server_to_client_channel.dart:54:23)
<asynchronous suspension>
#7      CustomLintServer._maybeSpawnCustomLintPlugin (package:custom_lint/src/v2/custom_lint_analyzer_plugin.dart:360:23)
<asynchronous suspension>
#8      CustomLintServer._handleAnalysisSetContextRoots.<anonymous closure> (package:custom_lint/src/v2/custom_lint_analyzer_plugin.dart:341:9)
<asynchronous suspension>
#9      PendingOperation.run (package:custom_lint/src/async_operation.dart:22:14)
<asynchronous suspension>
#10     CustomLintServer._handleRequest (package:custom_lint/src/v2/custom_lint_analyzer_plugin.dart:173:22)
<asynchronous suspension>

at:
#0      CustomLintProject.parse.<anonymous closure> (package:custom_lint/src/workspace.dart:909:7)
#1      _rootRunBinary (dart:async/zone.dart:1423:47)
#2      _CustomZone.runBinary (dart:async/zone.dart:1315:19)
#3      _FutureListener.handleError (dart:async/future_impl.dart:178:22)
#4      Future._propagateToListeners.handleError (dart:async/future_impl.dart:873:47)
#5      Future._propagateToListeners (dart:async/future_impl.dart:894:13)
#6      Future._completeError (dart:async/future_impl.dart:674:5)
<asynchronous suspension>

The request analysis.setSubscriptions failed with the following error:
RequestErrorCode.PLUGIN_ERROR
Failed to read pubspec.yaml at /Users/zaiko/StudioProjects/rainbow_test_task:
ParsedYamlException: line 33, column 5: Unrecognized keys: [google_fonts]; supported keys: [sdk, git, path, hosted]
   ╷
33 │     google_fonts: ^6.1.0
   │     ^^^^^^^^^^^^
   ╵
#0      checkedYamlDecode (package:checked_yaml/checked_yaml.dart:48:5)
#1      new Pubspec.parse (package:pubspec_parse/src/pubspec.dart:171:7)
#2      parsePubspec (package:custom_lint_core/src/package_utils.dart:85:18)
<asynchronous suspension>
#3      CustomLintProject.parse (package:custom_lint/src/workspace.dart:906:28)
<asynchronous suspension>
#4      Future.wait.<anonymous closure> (dart:async/future.dart:534:21)
<asynchronous suspension>
#5      CustomLintWorkspace.fromContextRoots (package:custom_lint/src/workspace.dart:505:22)
<asynchronous suspension>
#6      SocketCustomLintServerToClientChannel.create (package:custom_lint/src/v2/server_to_client_channel.dart:54:23)
<asynchronous suspension>
#7      CustomLintServer._maybeSpawnCustomLintPlugin (package:custom_lint/src/v2/custom_lint_analyzer_plugin.dart:360:23)
<asynchronous suspension>
#8      CustomLintServer._handleAnalysisSetContextRoots.<anonymous closure> (package:custom_lint/src/v2/custom_lint_analyzer_plugin.dart:341:9)
<asynchronous suspension>
#9      PendingOperation.run (package:custom_lint/src/async_operation.dart:22:14)
<asynchronous suspension>
#10     CustomLintServer._handleRequest (package:custom_lint/src/v2/custom_lint_analyzer_plugin.dart:173:22)
<asynchronous suspension>

at:
#0      CustomLintProject.parse.<anonymous closure> (package:custom_lint/src/workspace.dart:909:7)
#1      _rootRunBinary (dart:async/zone.dart:1423:47)
#2      _CustomZone.runBinary (dart:async/zone.dart:1315:19)
#3      _FutureListener.handleError (dart:async/future_impl.dart:178:22)
#4      Future._propagateToListeners.handleError (dart:async/future_impl.dart:873:47)
#5      Future._propagateToListeners (dart:async/future_impl.dart:894:13)
#6      Future._completeError (dart:async/future_impl.dart:674:5)
<asynchronous suspension>

The request analysis.setPriorityFiles failed with the following error:
RequestErrorCode.PLUGIN_ERROR
Failed to read pubspec.yaml at /Users/zaiko/StudioProjects/rainbow_test_task:
ParsedYamlException: line 33, column 5: Unrecognized keys: [google_fonts]; supported keys: [sdk, git, path, hosted]
   ╷
33 │     google_fonts: ^6.1.0
   │     ^^^^^^^^^^^^
   ╵
#0      checkedYamlDecode (package:checked_yaml/checked_yaml.dart:48:5)
#1      new Pubspec.parse (package:pubspec_parse/src/pubspec.dart:171:7)
#2      parsePubspec (package:custom_lint_core/src/package_utils.dart:85:18)
<asynchronous suspension>
#3      CustomLintProject.parse (package:custom_lint/src/workspace.dart:906:28)
<asynchronous suspension>
#4      Future.wait.<anonymous closure> (dart:async/future.dart:534:21)
<asynchronous suspension>
#5      CustomLintWorkspace.fromContextRoots (package:custom_lint/src/workspace.dart:505:22)
<asynchronous suspension>
#6      SocketCustomLintServerToClientChannel.create (package:custom_lint/src/v2/server_to_client_channel.dart:54:23)
<asynchronous suspension>
#7      CustomLintServer._maybeSpawnCustomLintPlugin (package:custom_lint/src/v2/custom_lint_analyzer_plugin.dart:360:23)
<asynchronous suspension>
#8      CustomLintServer._handleAnalysisSetContextRoots.<anonymous closure> (package:custom_lint/src/v2/custom_lint_analyzer_plugin.dart:341:9)
<asynchronous suspension>
#9      PendingOperation.run (package:custom_lint/src/async_operation.dart:22:14)
<asynchronous suspension>
#10     CustomLintServer._handleRequest (package:custom_lint/src/v2/custom_lint_analyzer_plugin.dart:173:22)
<asynchronous suspension>

at:
#0      CustomLintProject.parse.<anonymous closure> (package:custom_lint/src/workspace.dart:909:7)
#1      _rootRunBinary (dart:async/zone.dart:1423:47)
#2      _CustomZone.runBinary (dart:async/zone.dart:1315:19)
#3      _FutureListener.handleError (dart:async/future_impl.dart:178:22)
#4      Future._propagateToListeners.handleError (dart:async/future_impl.dart:873:47)
#5      Future._propagateToListeners (dart:async/future_impl.dart:894:13)
#6      Future._completeError (dart:async/future_impl.dart:674:5)
<asynchronous suspension>

The request analysis.updateContent failed with the following error:
RequestErrorCode.PLUGIN_ERROR
Failed to read pubspec.yaml at /Users/zaiko/StudioProjects/rainbow_test_task:
ParsedYamlException: line 33, column 5: Unrecognized keys: [google_fonts]; supported keys: [sdk, git, path, hosted]
   ╷
33 │     google_fonts: ^6.1.0
   │     ^^^^^^^^^^^^
   ╵
#0      checkedYamlDecode (package:checked_yaml/checked_yaml.dart:48:5)
#1      new Pubspec.parse (package:pubspec_parse/src/pubspec.dart:171:7)
#2      parsePubspec (package:custom_lint_core/src/package_utils.dart:85:18)
<asynchronous suspension>
#3      CustomLintProject.parse (package:custom_lint/src/workspace.dart:906:28)
<asynchronous suspension>
#4      Future.wait.<anonymous closure> (dart:async/future.dart:534:21)
<asynchronous suspension>
#5      CustomLintWorkspace.fromContextRoots (package:custom_lint/src/workspace.dart:505:22)
<asynchronous suspension>
#6      SocketCustomLintServerToClientChannel.create (package:custom_lint/src/v2/server_to_client_channel.dart:54:23)
<asynchronous suspension>
#7      CustomLintServer._maybeSpawnCustomLintPlugin (package:custom_lint/src/v2/custom_lint_analyzer_plugin.dart:360:23)
<asynchronous suspension>
#8      CustomLintServer._handleAnalysisSetContextRoots.<anonymous closure> (package:custom_lint/src/v2/custom_lint_analyzer_plugin.dart:341:9)
<asynchronous suspension>
#9      PendingOperation.run (package:custom_lint/src/async_operation.dart:22:14)
<asynchronous suspension>
#10     CustomLintServer._handleRequest (package:custom_lint/src/v2/custom_lint_analyzer_plugin.dart:173:22)
<asynchronous suspension>

at:
#0      CustomLintProject.parse.<anonymous closure> (package:custom_lint/src/workspace.dart:909:7)
#1      _rootRunBinary (dart:async/zone.dart:1423:47)
#2      _CustomZone.runBinary (dart:async/zone.dart:1315:19)
#3      _FutureListener.handleError (dart:async/future_impl.dart:178:22)
#4      Future._propagateToListeners.handleError (dart:async/future_impl.dart:873:47)
#5      Future._propagateToListeners (dart:async/future_impl.dart:894:13)
#6      Future._completeError (dart:async/future_impl.dart:674:5)
<asynchronous suspension>

The request analysis.updateContent failed with the following error:
RequestErrorCode.PLUGIN_ERROR
Failed to read pubspec.yaml at /Users/zaiko/StudioProjects/rainbow_test_task:
ParsedYamlException: line 33, column 5: Unrecognized keys: [google_fonts]; supported keys: [sdk, git, path, hosted]
   ╷
33 │     google_fonts: ^6.1.0
   │     ^^^^^^^^^^^^
   ╵
#0      checkedYamlDecode (package:checked_yaml/checked_yaml.dart:48:5)
#1      new Pubspec.parse (package:pubspec_parse/src/pubspec.dart:171:7)
#2      parsePubspec (package:custom_lint_core/src/package_utils.dart:85:18)
<asynchronous suspension>
#3      CustomLintProject.parse (package:custom_lint/src/workspace.dart:906:28)
<asynchronous suspension>
#4      Future.wait.<anonymous closure> (dart:async/future.dart:534:21)
<asynchronous suspension>
#5      CustomLintWorkspace.fromContextRoots (package:custom_lint/src/workspace.dart:505:22)
<asynchronous suspension>
#6      SocketCustomLintServerToClientChannel.create (package:custom_lint/src/v2/server_to_client_channel.dart:54:23)
<asynchronous suspension>
#7      CustomLintServer._maybeSpawnCustomLintPlugin (package:custom_lint/src/v2/custom_lint_analyzer_plugin.dart:360:23)
<asynchronous suspension>
#8      CustomLintServer._handleAnalysisSetContextRoots.<anonymous closure> (package:custom_lint/src/v2/custom_lint_analyzer_plugin.dart:341:9)
<asynchronous suspension>
#9      PendingOperation.run (package:custom_lint/src/async_operation.dart:22:14)
<asynchronous suspension>
#10     CustomLintServer._handleRequest (package:custom_lint/src/v2/custom_lint_analyzer_plugin.dart:173:22)
<asynchronous suspension>

at:
#0      CustomLintProject.parse.<anonymous closure> (package:custom_lint/src/workspace.dart:909:7)
#1      _rootRunBinary (dart:async/zone.dart:1423:47)
#2      _CustomZone.runBinary (dart:async/zone.dart:1315:19)
#3      _FutureListener.handleError (dart:async/future_impl.dart:178:22)
#4      Future._propagateToListeners.handleError (dart:async/future_impl.dart:873:47)
#5      Future._propagateToListeners (dart:async/future_impl.dart:894:13)
#6      Future._completeError (dart:async/future_impl.dart:674:5)
<asynchronous suspension>

The request analysis.updateContent failed with the following error:
RequestErrorCode.PLUGIN_ERROR
Failed to read pubspec.yaml at /Users/zaiko/StudioProjects/rainbow_test_task:
ParsedYamlException: line 33, column 5: Unrecognized keys: [google_fonts]; supported keys: [sdk, git, path, hosted]
   ╷
33 │     google_fonts: ^6.1.0
   │     ^^^^^^^^^^^^
   ╵
#0      checkedYamlDecode (package:checked_yaml/checked_yaml.dart:48:5)
#1      new Pubspec.parse (package:pubspec_parse/src/pubspec.dart:171:7)
#2      parsePubspec (package:custom_lint_core/src/package_utils.dart:85:18)
<asynchronous suspension>
#3      CustomLintProject.parse (package:custom_lint/src/workspace.dart:906:28)
<asynchronous suspension>
#4      Future.wait.<anonymous closure> (dart:async/future.dart:534:21)
<asynchronous suspension>
#5      CustomLintWorkspace.fromContextRoots (package:custom_lint/src/workspace.dart:505:22)
<asynchronous suspension>
#6      SocketCustomLintServerToClientChannel.create (package:custom_lint/src/v2/server_to_client_channel.dart:54:23)
<asynchronous suspension>
#7      CustomLintServer._maybeSpawnCustomLintPlugin (package:custom_lint/src/v2/custom_lint_analyzer_plugin.dart:360:23)
<asynchronous suspension>
#8      CustomLintServer._handleAnalysisSetContextRoots.<anonymous closure> (package:custom_lint/src/v2/custom_lint_analyzer_plugin.dart:341:9)
<asynchronous suspension>
#9      PendingOperation.run (package:custom_lint/src/async_operation.dart:22:14)
<asynchronous suspension>
#10     CustomLintServer._handleRequest (package:custom_lint/src/v2/custom_lint_analyzer_plugin.dart:173:22)
<asynchronous suspension>

at:
#0      CustomLintProject.parse.<anonymous closure> (package:custom_lint/src/workspace.dart:909:7)
#1      _rootRunBinary (dart:async/zone.dart:1423:47)
#2      _CustomZone.runBinary (dart:async/zone.dart:1315:19)
#3      _FutureListener.handleError (dart:async/future_impl.dart:178:22)
#4      Future._propagateToListeners.handleError (dart:async/future_impl.dart:873:47)
#5      Future._propagateToListeners (dart:async/future_impl.dart:894:13)
#6      Future._completeError (dart:async/future_impl.dart:674:5)
<asynchronous suspension>

The request analysis.updateContent failed with the following error:
RequestErrorCode.PLUGIN_ERROR
Failed to read pubspec.yaml at /Users/zaiko/StudioProjects/rainbow_test_task:
ParsedYamlException: line 33, column 5: Unrecognized keys: [google_fonts]; supported keys: [sdk, git, path, hosted]
   ╷
33 │     google_fonts: ^6.1.0
   │     ^^^^^^^^^^^^
   ╵
#0      checkedYamlDecode (package:checked_yaml/checked_yaml.dart:48:5)
#1      new Pubspec.parse (package:pubspec_parse/src/pubspec.dart:171:7)
#2      parsePubspec (package:custom_lint_core/src/package_utils.dart:85:18)
<asynchronous suspension>
#3      CustomLintProject.parse (package:custom_lint/src/workspace.dart:906:28)
<asynchronous suspension>
#4      Future.wait.<anonymous closure> (dart:async/future.dart:534:21)
<asynchronous suspension>
#5      CustomLintWorkspace.fromContextRoots (package:custom_lint/src/workspace.dart:505:22)
<asynchronous suspension>
#6      SocketCustomLintServerToClientChannel.create (package:custom_lint/src/v2/server_to_client_channel.dart:54:23)
<asynchronous suspension>
#7      CustomLintServer._maybeSpawnCustomLintPlugin (package:custom_lint/src/v2/custom_lint_analyzer_plugin.dart:360:23)
<asynchronous suspension>
#8      CustomLintServer._handleAnalysisSetContextRoots.<anonymous closure> (package:custom_lint/src/v2/custom_lint_analyzer_plugin.dart:341:9)
<asynchronous suspension>
#9      PendingOperation.run (package:custom_lint/src/async_operation.dart:22:14)
<asynchronous suspension>
#10     CustomLintServer._handleRequest (package:custom_lint/src/v2/custom_lint_analyzer_plugin.dart:173:22)
<asynchronous suspension>

at:
#0      CustomLintProject.parse.<anonymous closure> (package:custom_lint/src/workspace.dart:909:7)
#1      _rootRunBinary (dart:async/zone.dart:1423:47)
#2      _CustomZone.runBinary (dart:async/zone.dart:1315:19)
#3      _FutureListener.handleError (dart:async/future_impl.dart:178:22)
#4      Future._propagateToListeners.handleError (dart:async/future_impl.dart:873:47)
#5      Future._propagateToListeners (dart:async/future_impl.dart:894:13)
#6      Future._completeError (dart:async/future_impl.dart:674:5)
<asynchronous suspension>

The request analysis.updateContent failed with the following error:
RequestErrorCode.PLUGIN_ERROR
Failed to read pubspec.yaml at /Users/zaiko/StudioProjects/rainbow_test_task:
ParsedYamlException: line 33, column 5: Unrecognized keys: [google_fonts]; supported keys: [sdk, git, path, hosted]
   ╷
33 │     google_fonts: ^6.1.0
   │     ^^^^^^^^^^^^
   ╵
#0      checkedYamlDecode (package:checked_yaml/checked_yaml.dart:48:5)
#1      new Pubspec.parse (package:pubspec_parse/src/pubspec.dart:171:7)
#2      parsePubspec (package:custom_lint_core/src/package_utils.dart:85:18)
<asynchronous suspension>
#3      CustomLintProject.parse (package:custom_lint/src/workspace.dart:906:28)
<asynchronous suspension>
#4      Future.wait.<anonymous closure> (dart:async/future.dart:534:21)
<asynchronous suspension>
#5      CustomLintWorkspace.fromContextRoots (package:custom_lint/src/workspace.dart:505:22)
<asynchronous suspension>
#6      SocketCustomLintServerToClientChannel.create (package:custom_lint/src/v2/server_to_client_channel.dart:54:23)
<asynchronous suspension>
#7      CustomLintServer._maybeSpawnCustomLintPlugin (package:custom_lint/src/v2/custom_lint_analyzer_plugin.dart:360:23)
<asynchronous suspension>
#8      CustomLintServer._handleAnalysisSetContextRoots.<anonymous closure> (package:custom_lint/src/v2/custom_lint_analyzer_plugin.dart:341:9)
<asynchronous suspension>
#9      PendingOperation.run (package:custom_lint/src/async_operation.dart:22:14)
<asynchronous suspension>
#10     CustomLintServer._handleRequest (package:custom_lint/src/v2/custom_lint_analyzer_plugin.dart:173:22)
<asynchronous suspension>

at:
#0      CustomLintProject.parse.<anonymous closure> (package:custom_lint/src/workspace.dart:909:7)
#1      _rootRunBinary (dart:async/zone.dart:1423:47)
#2      _CustomZone.runBinary (dart:async/zone.dart:1315:19)
#3      _FutureListener.handleError (dart:async/future_impl.dart:178:22)
#4      Future._propagateToListeners.handleError (dart:async/future_impl.dart:873:47)
#5      Future._propagateToListeners (dart:async/future_impl.dart:894:13)
#6      Future._completeError (dart:async/future_impl.dart:674:5)
<asynchronous suspension>

The request analysis.updateContent failed with the following error:
RequestErrorCode.PLUGIN_ERROR
Failed to read pubspec.yaml at /Users/zaiko/StudioProjects/rainbow_test_task:
ParsedYamlException: line 33, column 5: Unrecognized keys: [google_fonts]; supported keys: [sdk, git, path, hosted]
   ╷
33 │     google_fonts: ^6.1.0
   │     ^^^^^^^^^^^^
   ╵
#0      checkedYamlDecode (package:checked_yaml/checked_yaml.dart:48:5)
#1      new Pubspec.parse (package:pubspec_parse/src/pubspec.dart:171:7)
#2      parsePubspec (package:custom_lint_core/src/package_utils.dart:85:18)
<asynchronous suspension>
#3      CustomLintProject.parse (package:custom_lint/src/workspace.dart:906:28)
<asynchronous suspension>
#4      Future.wait.<anonymous closure> (dart:async/future.dart:534:21)
<asynchronous suspension>
#5      CustomLintWorkspace.fromContextRoots (package:custom_lint/src/workspace.dart:505:22)
<asynchronous suspension>
#6      SocketCustomLintServerToClientChannel.create (package:custom_lint/src/v2/server_to_client_channel.dart:54:23)
<asynchronous suspension>
#7      CustomLintServer._maybeSpawnCustomLintPlugin (package:custom_lint/src/v2/custom_lint_analyzer_plugin.dart:360:23)
<asynchronous suspension>
#8      CustomLintServer._handleAnalysisSetContextRoots.<anonymous closure> (package:custom_lint/src/v2/custom_lint_analyzer_plugin.dart:341:9)
<asynchronous suspension>
#9      PendingOperation.run (package:custom_lint/src/async_operation.dart:22:14)
<asynchronous suspension>
#10     CustomLintServer._handleRequest (package:custom_lint/src/v2/custom_lint_analyzer_plugin.dart:173:22)
<asynchronous suspension>

at:
#0      CustomLintProject.parse.<anonymous closure> (package:custom_lint/src/workspace.dart:909:7)
#1      _rootRunBinary (dart:async/zone.dart:1423:47)
#2      _CustomZone.runBinary (dart:async/zone.dart:1315:19)
#3      _FutureListener.handleError (dart:async/future_impl.dart:178:22)
#4      Future._propagateToListeners.handleError (dart:async/future_impl.dart:873:47)
#5      Future._propagateToListeners (dart:async/future_impl.dart:894:13)
#6      Future._completeError (dart:async/future_impl.dart:674:5)
<asynchronous suspension>

The request analysis.setContextRoots failed with the following error:
RequestErrorCode.PLUGIN_ERROR
ProcessException: No such file or directory
  Command: flutter pub get
at:
#0      _ProcessImpl._start (dart:io-patch/process_patch.dart:402:33)
#1      Process.start (dart:io-patch/process_patch.dart:38:20)
#2      _runNonInteractiveProcess (dart:io-patch/process_patch.dart:579:18)
#3      Process.run (dart:io-patch/process_patch.dart:49:12)
#4      CustomLintWorkspace.runPubGet (package:custom_lint/src/workspace.dart:751:36)
#5      CustomLintWorkspace.resolvePluginHost (package:custom_lint/src/workspace.dart:744:11)
#6      SocketCustomLintServerToClientChannel._startProcess (package:custom_lint/src/v2/server_to_client_channel.dart:151:24)
#7      SocketCustomLintServerToClientChannel.init (package:custom_lint/src/v2/server_to_client_channel.dart:110:22)
#8      CustomLintServer._maybeSpawnCustomLintPlugin (package:custom_lint/src/v2/custom_lint_analyzer_plugin.dart:394:25)
<asynchronous suspension>
#9      CustomLintServer._handleAnalysisSetContextRoots.<anonymous closure> (package:custom_lint/src/v2/custom_lint_analyzer_plugin.dart:341:9)
<asynchronous suspension>
#10     PendingOperation.run (package:custom_lint/src/async_operation.dart:22:14)
<asynchronous suspension>
#11     CustomLintServer._handleRequest (package:custom_lint/src/v2/custom_lint_analyzer_plugin.dart:173:22)
<asynchronous suspension>

The request analysis.setContextRoots failed with the following error:
RequestErrorCode.PLUGIN_ERROR
ProcessException: No such file or directory
  Command: flutter pub get
at:
#0      _ProcessImpl._start (dart:io-patch/process_patch.dart:402:33)
#1      Process.start (dart:io-patch/process_patch.dart:38:20)
#2      _runNonInteractiveProcess (dart:io-patch/process_patch.dart:579:18)
#3      Process.run (dart:io-patch/process_patch.dart:49:12)
#4      CustomLintWorkspace.runPubGet (package:custom_lint/src/workspace.dart:751:36)
#5      CustomLintWorkspace.resolvePluginHost (package:custom_lint/src/workspace.dart:744:11)
#6      SocketCustomLintServerToClientChannel._startProcess (package:custom_lint/src/v2/server_to_client_channel.dart:151:24)
#7      SocketCustomLintServerToClientChannel.init (package:custom_lint/src/v2/server_to_client_channel.dart:110:22)
#8      CustomLintServer._maybeSpawnCustomLintPlugin (package:custom_lint/src/v2/custom_lint_analyzer_plugin.dart:394:25)
<asynchronous suspension>
#9      CustomLintServer._handleAnalysisSetContextRoots.<anonymous closure> (package:custom_lint/src/v2/custom_lint_analyzer_plugin.dart:341:9)
<asynchronous suspension>
#10     PendingOperation.run (package:custom_lint/src/async_operation.dart:22:14)
<asynchronous suspension>
#11     CustomLintServer._handleRequest (package:custom_lint/src/v2/custom_lint_analyzer_plugin.dart:173:22)
<asynchronous suspension>

The request analysis.setContextRoots failed with the following error:
RequestErrorCode.PLUGIN_ERROR
ProcessException: No such file or directory
  Command: flutter pub get
at:
#0      _ProcessImpl._start (dart:io-patch/process_patch.dart:402:33)
#1      Process.start (dart:io-patch/process_patch.dart:38:20)
#2      _runNonInteractiveProcess (dart:io-patch/process_patch.dart:579:18)
#3      Process.run (dart:io-patch/process_patch.dart:49:12)
#4      CustomLintWorkspace.runPubGet (package:custom_lint/src/workspace.dart:751:36)
#5      CustomLintWorkspace.resolvePluginHost (package:custom_lint/src/workspace.dart:744:11)
#6      SocketCustomLintServerToClientChannel._startProcess (package:custom_lint/src/v2/server_to_client_channel.dart:151:24)
#7      SocketCustomLintServerToClientChannel.init (package:custom_lint/src/v2/server_to_client_channel.dart:110:22)
#8      CustomLintServer._maybeSpawnCustomLintPlugin (package:custom_lint/src/v2/custom_lint_analyzer_plugin.dart:394:25)
<asynchronous suspension>
#9      CustomLintServer._handleAnalysisSetContextRoots.<anonymous closure> (package:custom_lint/src/v2/custom_lint_analyzer_plugin.dart:341:9)
<asynchronous suspension>
#10     PendingOperation.run (package:custom_lint/src/async_operation.dart:22:14)
<asynchronous suspension>
#11     CustomLintServer._handleRequest (package:custom_lint/src/v2/custom_lint_analyzer_plugin.dart:173:22)
<asynchronous suspension>

The request analysis.setContextRoots failed with the following error:
RequestErrorCode.PLUGIN_ERROR
ProcessException: No such file or directory
  Command: flutter pub get
at:
#0      _ProcessImpl._start (dart:io-patch/process_patch.dart:402:33)
#1      Process.start (dart:io-patch/process_patch.dart:38:20)
#2      _runNonInteractiveProcess (dart:io-patch/process_patch.dart:579:18)
#3      Process.run (dart:io-patch/process_patch.dart:49:12)
#4      CustomLintWorkspace.runPubGet (package:custom_lint/src/workspace.dart:751:36)
#5      CustomLintWorkspace.resolvePluginHost (package:custom_lint/src/workspace.dart:744:11)
#6      SocketCustomLintServerToClientChannel._startProcess (package:custom_lint/src/v2/server_to_client_channel.dart:151:24)
#7      SocketCustomLintServerToClientChannel.init (package:custom_lint/src/v2/server_to_client_channel.dart:110:22)
#8      CustomLintServer._maybeSpawnCustomLintPlugin (package:custom_lint/src/v2/custom_lint_analyzer_plugin.dart:394:25)
<asynchronous suspension>
#9      CustomLintServer._handleAnalysisSetContextRoots.<anonymous closure> (package:custom_lint/src/v2/custom_lint_analyzer_plugin.dart:341:9)
<asynchronous suspension>
#10     PendingOperation.run (package:custom_lint/src/async_operation.dart:22:14)
<asynchronous suspension>
#11     CustomLintServer._handleRequest (package:custom_lint/src/v2/custom_lint_analyzer_plugin.dart:173:22)
<asynchronous suspension>

The request analysis.setContextRoots failed with the following error:
RequestErrorCode.PLUGIN_ERROR
ProcessException: No such file or directory
  Command: flutter pub get
at:
#0      _ProcessImpl._start (dart:io-patch/process_patch.dart:402:33)
#1      Process.start (dart:io-patch/process_patch.dart:38:20)
#2      _runNonInteractiveProcess (dart:io-patch/process_patch.dart:579:18)
#3      Process.run (dart:io-patch/process_patch.dart:49:12)
#4      CustomLintWorkspace.runPubGet (package:custom_lint/src/workspace.dart:751:36)
#5      CustomLintWorkspace.resolvePluginHost (package:custom_lint/src/workspace.dart:744:11)
#6      SocketCustomLintServerToClientChannel._startProcess (package:custom_lint/src/v2/server_to_client_channel.dart:151:24)
#7      SocketCustomLintServerToClientChannel.init (package:custom_lint/src/v2/server_to_client_channel.dart:110:22)
#8      CustomLintServer._maybeSpawnCustomLintPlugin (package:custom_lint/src/v2/custom_lint_analyzer_plugin.dart:394:25)
<asynchronous suspension>
#9      CustomLintServer._handleAnalysisSetContextRoots.<anonymous closure> (package:custom_lint/src/v2/custom_lint_analyzer_plugin.dart:341:9)
<asynchronous suspension>
#10     PendingOperation.run (package:custom_lint/src/async_operation.dart:22:14)
<asynchronous suspension>
#11     CustomLintServer._handleRequest (package:custom_lint/src/v2/custom_lint_analyzer_plugin.dart:173:22)
<asynchronous suspension>

The request analysis.setContextRoots failed with the following error:
RequestErrorCode.PLUGIN_ERROR
ProcessException: No such file or directory
  Command: flutter pub get
at:
#0      _ProcessImpl._start (dart:io-patch/process_patch.dart:402:33)
#1      Process.start (dart:io-patch/process_patch.dart:38:20)
#2      _runNonInteractiveProcess (dart:io-patch/process_patch.dart:579:18)
#3      Process.run (dart:io-patch/process_patch.dart:49:12)
#4      CustomLintWorkspace.runPubGet (package:custom_lint/src/workspace.dart:751:36)
#5      CustomLintWorkspace.resolvePluginHost (package:custom_lint/src/workspace.dart:744:11)
#6      SocketCustomLintServerToClientChannel._startProcess (package:custom_lint/src/v2/server_to_client_channel.dart:151:24)
#7      SocketCustomLintServerToClientChannel.init (package:custom_lint/src/v2/server_to_client_channel.dart:110:22)
#8      CustomLintServer._maybeSpawnCustomLintPlugin (package:custom_lint/src/v2/custom_lint_analyzer_plugin.dart:394:25)
<asynchronous suspension>
#9      CustomLintServer._handleAnalysisSetContextRoots.<anonymous closure> (package:custom_lint/src/v2/custom_lint_analyzer_plugin.dart:341:9)
<asynchronous suspension>
#10     PendingOperation.run (package:custom_lint/src/async_operation.dart:22:14)
<asynchronous suspension>
#11     CustomLintServer._handleRequest (package:custom_lint/src/v2/custom_lint_analyzer_plugin.dart:173:22)
<asynchronous suspension>

The request analysis.setContextRoots failed with the following error:
RequestErrorCode.PLUGIN_ERROR
ProcessException: No such file or directory
  Command: flutter pub get
at:
#0      _ProcessImpl._start (dart:io-patch/process_patch.dart:402:33)
#1      Process.start (dart:io-patch/process_patch.dart:38:20)
#2      _runNonInteractiveProcess (dart:io-patch/process_patch.dart:579:18)
#3      Process.run (dart:io-patch/process_patch.dart:49:12)
#4      CustomLintWorkspace.runPubGet (package:custom_lint/src/workspace.dart:751:36)
#5      CustomLintWorkspace.resolvePluginHost (package:custom_lint/src/workspace.dart:744:11)
#6      SocketCustomLintServerToClientChannel._startProcess (package:custom_lint/src/v2/server_to_client_channel.dart:151:24)
#7      SocketCustomLintServerToClientChannel.init (package:custom_lint/src/v2/server_to_client_channel.dart:110:22)
#8      CustomLintServer._maybeSpawnCustomLintPlugin (package:custom_lint/src/v2/custom_lint_analyzer_plugin.dart:394:25)
<asynchronous suspension>
#9      CustomLintServer._handleAnalysisSetContextRoots.<anonymous closure> (package:custom_lint/src/v2/custom_lint_analyzer_plugin.dart:341:9)
<asynchronous suspension>
#10     PendingOperation.run (package:custom_lint/src/async_operation.dart:22:14)
<asynchronous suspension>
#11     CustomLintServer._handleRequest (package:custom_lint/src/v2/custom_lint_analyzer_plugin.dart:173:22)
<asynchronous suspension>

The request analysis.setContextRoots failed with the following error:
RequestErrorCode.PLUGIN_ERROR
ProcessException: No such file or directory
  Command: flutter pub get
at:
#0      _ProcessImpl._start (dart:io-patch/process_patch.dart:402:33)
#1      Process.start (dart:io-patch/process_patch.dart:38:20)
#2      _runNonInteractiveProcess (dart:io-patch/process_patch.dart:579:18)
#3      Process.run (dart:io-patch/process_patch.dart:49:12)
#4      CustomLintWorkspace.runPubGet (package:custom_lint/src/workspace.dart:751:36)
#5      CustomLintWorkspace.resolvePluginHost (package:custom_lint/src/workspace.dart:744:11)
#6      SocketCustomLintServerToClientChannel._startProcess (package:custom_lint/src/v2/server_to_client_channel.dart:151:24)
#7      SocketCustomLintServerToClientChannel.init (package:custom_lint/src/v2/server_to_client_channel.dart:110:22)
#8      CustomLintServer._maybeSpawnCustomLintPlugin (package:custom_lint/src/v2/custom_lint_analyzer_plugin.dart:394:25)
<asynchronous suspension>
#9      CustomLintServer._handleAnalysisSetContextRoots.<anonymous closure> (package:custom_lint/src/v2/custom_lint_analyzer_plugin.dart:341:9)
<asynchronous suspension>
#10     PendingOperation.run (package:custom_lint/src/async_operation.dart:22:14)
<asynchronous suspension>
#11     CustomLintServer._handleRequest (package:custom_lint/src/v2/custom_lint_analyzer_plugin.dart:173:22)
<asynchronous suspension>

The request analysis.setContextRoots failed with the following error:
RequestErrorCode.PLUGIN_ERROR
ProcessException: No such file or directory
  Command: flutter pub get
at:
#0      _ProcessImpl._start (dart:io-patch/process_patch.dart:402:33)
#1      Process.start (dart:io-patch/process_patch.dart:38:20)
#2      _runNonInteractiveProcess (dart:io-patch/process_patch.dart:579:18)
#3      Process.run (dart:io-patch/process_patch.dart:49:12)
#4      CustomLintWorkspace.runPubGet (package:custom_lint/src/workspace.dart:751:36)
#5      CustomLintWorkspace.resolvePluginHost (package:custom_lint/src/workspace.dart:744:11)
#6      SocketCustomLintServerToClientChannel._startProcess (package:custom_lint/src/v2/server_to_client_channel.dart:151:24)
#7      SocketCustomLintServerToClientChannel.init (package:custom_lint/src/v2/server_to_client_channel.dart:110:22)
#8      CustomLintServer._maybeSpawnCustomLintPlugin (package:custom_lint/src/v2/custom_lint_analyzer_plugin.dart:394:25)
<asynchronous suspension>
#9      CustomLintServer._handleAnalysisSetContextRoots.<anonymous closure> (package:custom_lint/src/v2/custom_lint_analyzer_plugin.dart:341:9)
<asynchronous suspension>
#10     PendingOperation.run (package:custom_lint/src/async_operation.dart:22:14)
<asynchronous suspension>
#11     CustomLintServer._handleRequest (package:custom_lint/src/v2/custom_lint_analyzer_plugin.dart:173:22)
<asynchronous suspension>

The request analysis.setContextRoots failed with the following error:
RequestErrorCode.PLUGIN_ERROR
ProcessException: No such file or directory
  Command: flutter pub get
at:
#0      _ProcessImpl._start (dart:io-patch/process_patch.dart:402:33)
#1      Process.start (dart:io-patch/process_patch.dart:38:20)
#2      _runNonInteractiveProcess (dart:io-patch/process_patch.dart:579:18)
#3      Process.run (dart:io-patch/process_patch.dart:49:12)
#4      CustomLintWorkspace.runPubGet (package:custom_lint/src/workspace.dart:751:36)
#5      CustomLintWorkspace.resolvePluginHost (package:custom_lint/src/workspace.dart:744:11)
#6      SocketCustomLintServerToClientChannel._startProcess (package:custom_lint/src/v2/server_to_client_channel.dart:151:24)
#7      SocketCustomLintServerToClientChannel.init (package:custom_lint/src/v2/server_to_client_channel.dart:110:22)
#8      CustomLintServer._maybeSpawnCustomLintPlugin (package:custom_lint/src/v2/custom_lint_analyzer_plugin.dart:394:25)
<asynchronous suspension>
#9      CustomLintServer._handleAnalysisSetContextRoots.<anonymous closure> (package:custom_lint/src/v2/custom_lint_analyzer_plugin.dart:341:9)
<asynchronous suspension>
#10     PendingOperation.run (package:custom_lint/src/async_operation.dart:22:14)
<asynchronous suspension>
#11     CustomLintServer._handleRequest (package:custom_lint/src/v2/custom_lint_analyzer_plugin.dart:173:22)
<asynchronous suspension>

